  websocket.cpp
c:\users\christian\damnpong\milestone_1\pongserver59574566\websocket.cpp(90): warning C4477: 'printf' : format string '%s' requires an argument of type 'char *', but variadic argument 1 has type 'LPVOID'
c:\users\christian\damnpong\milestone_1\pongserver59574566\websocket.cpp(116): warning C4018: '<': signed/unsigned mismatch
c:\users\christian\damnpong\milestone_1\pongserver59574566\websocket.cpp(133): warning C4018: '<': signed/unsigned mismatch
c:\users\christian\damnpong\milestone_1\pongserver59574566\websocket.cpp(155): warning C4018: '>=': signed/unsigned mismatch
c:\users\christian\damnpong\milestone_1\pongserver59574566\websocket.cpp(168): warning C4244: 'initializing': conversion from 'float' to 'int', possible loss of data
c:\users\christian\damnpong\milestone_1\pongserver59574566\websocket.cpp(192): warning C4267: '=': conversion from 'size_t' to 'char', possible loss of data
c:\users\christian\damnpong\milestone_1\pongserver59574566\websocket.cpp(201): warning C4267: '=': conversion from 'size_t' to 'char', possible loss of data
c:\users\christian\damnpong\milestone_1\pongserver59574566\websocket.cpp(202): warning C4267: '=': conversion from 'size_t' to 'char', possible loss of data
c:\users\christian\damnpong\milestone_1\pongserver59574566\websocket.cpp(216): warning C4267: '=': conversion from 'size_t' to 'char', possible loss of data
c:\users\christian\damnpong\milestone_1\pongserver59574566\websocket.cpp(217): warning C4267: '=': conversion from 'size_t' to 'char', possible loss of data
c:\users\christian\damnpong\milestone_1\pongserver59574566\websocket.cpp(218): warning C4267: '=': conversion from 'size_t' to 'char', possible loss of data
c:\users\christian\damnpong\milestone_1\pongserver59574566\websocket.cpp(410): warning C4018: '<': signed/unsigned mismatch
c:\users\christian\damnpong\milestone_1\pongserver59574566\websocket.cpp(609): warning C4018: '>=': signed/unsigned mismatch
c:\users\christian\damnpong\milestone_1\pongserver59574566\websocket.cpp(636): warning C4018: '<': signed/unsigned mismatch
c:\users\christian\damnpong\milestone_1\pongserver59574566\websocket.cpp(651): warning C4018: '>=': signed/unsigned mismatch
c:\users\christian\damnpong\milestone_1\pongserver59574566\websocket.cpp(736): warning C4473: 'printf' : not enough arguments passed for format string
  c:\users\christian\damnpong\milestone_1\pongserver59574566\websocket.cpp(736): note: placeholders and their parameters expect 2 variadic arguments, but 1 were provided
  c:\users\christian\damnpong\milestone_1\pongserver59574566\websocket.cpp(736): note: the missing variadic argument 2 is required by format string '%d'
c:\users\christian\damnpong\milestone_1\pongserver59574566\websocket.cpp(769): warning C4018: '<': signed/unsigned mismatch
  demo4-server.vcxproj -> C:\Users\Christian\DamnPong\Milestone_1\PongServer59574566\Debug\demo4-server.exe
